info: 2021-06-21T19:35:47.411Z /Users/diego/Documents/proyectos/nodejs/vende_tus_cosas_api
error: 2021-06-21T19:35:47.413Z algo hizo boom
warn: 2021-06-21T19:35:47.414Z Algo inesperado ocurrio
info: 2021-06-21T19:35:48.747Z /Users/diego/Documents/proyectos/nodejs/vende_tus_cosas_api
error: 2021-06-21T19:35:48.748Z algo hizo boom
warn: 2021-06-21T19:35:48.748Z Algo inesperado ocurrio
info: 2021-06-21T19:36:01.273Z /Users/diego/Documents/proyectos/nodejs/vende_tus_cosas_api
error: 2021-06-21T19:36:01.274Z algo hizo boom
warn: 2021-06-21T19:36:01.274Z Algo inesperado ocurrio
info: 2021-06-21T19:36:16.828Z /Users/diego/Documents/proyectos/nodejs/vende_tus_cosas_api
error: 2021-06-21T19:36:16.829Z algo hizo boom
warn: 2021-06-21T19:36:16.829Z Algo inesperado ocurrio
error: 2021-06-21T19:37:04.049Z uncaughtException: Cannot create property 'Symbol(level)' on string 'Escuchando el puerto 3000'
TypeError: Cannot create property 'Symbol(level)' on string 'Escuchando el puerto 3000'
    at DerivedLogger.log (/Users/diego/Documents/proyectos/nodejs/vende_tus_cosas_api/node_modules/winston/lib/winston/logger.js:208:20)
    at Server.<anonymous> (/Users/diego/Documents/proyectos/nodejs/vende_tus_cosas_api/index.js:16:12)
    at Object.onceWrapper (events.js:482:28)
    at Server.emit (events.js:376:20)
    at emitListeningNT (net.js:1352:10)
    at processTicksAndRejections (internal/process/task_queues.js:81:21) {"error":{},"stack":"TypeError: Cannot create property 'Symbol(level)' on string 'Escuchando el puerto 3000'\n    at DerivedLogger.log (/Users/diego/Documents/proyectos/nodejs/vende_tus_cosas_api/node_modules/winston/lib/winston/logger.js:208:20)\n    at Server.<anonymous> (/Users/diego/Documents/proyectos/nodejs/vende_tus_cosas_api/index.js:16:12)\n    at Object.onceWrapper (events.js:482:28)\n    at Server.emit (events.js:376:20)\n    at emitListeningNT (net.js:1352:10)\n    at processTicksAndRejections (internal/process/task_queues.js:81:21)","exception":true,"date":"Mon Jun 21 2021 16:37:04 GMT-0300 (hora est치ndar de Argentina)","process":{"pid":5739,"uid":501,"gid":20,"cwd":"/Users/diego/Documents/proyectos/nodejs/vende_tus_cosas_api","execPath":"/Users/diego/.nvm/versions/node/v14.17.0/bin/node","version":"v14.17.0","argv":["/Users/diego/.nvm/versions/node/v14.17.0/bin/node","/Users/diego/Documents/proyectos/nodejs/vende_tus_cosas_api/index.js","index.js"],"memoryUsage":{"rss":41115648,"heapTotal":18296832,"heapUsed":12451944,"external":1676121,"arrayBuffers":270077}},"os":{"loadavg":[4.20556640625,3.76025390625,3.36865234375],"uptime":9826},"trace":[{"column":20,"file":"/Users/diego/Documents/proyectos/nodejs/vende_tus_cosas_api/node_modules/winston/lib/winston/logger.js","function":"DerivedLogger.log","line":208,"method":"log","native":false},{"column":12,"file":"/Users/diego/Documents/proyectos/nodejs/vende_tus_cosas_api/index.js","function":null,"line":16,"method":null,"native":false},{"column":28,"file":"events.js","function":"Object.onceWrapper","line":482,"method":"onceWrapper","native":false},{"column":20,"file":"events.js","function":"Server.emit","line":376,"method":"emit","native":false},{"column":10,"file":"net.js","function":"emitListeningNT","line":1352,"method":null,"native":false},{"column":21,"file":"internal/process/task_queues.js","function":"processTicksAndRejections","line":81,"method":null,"native":false}]}
info: 2021-06-21T19:37:05.399Z Escuchando el puerto 3000
info: 2021-06-21T19:50:02.002Z Escuchando el puerto 3000
info: 2021-06-21T19:51:20.589Z Escuchando el puerto 3000
info: 2021-06-21T19:51:22.198Z Escuchando el puerto 3000
error: 2021-06-21T19:51:26.979Z uncaughtException: a is not defined
ReferenceError: a is not defined
    at Object.<anonymous> (/Users/diego/Documents/proyectos/nodejs/vende_tus_cosas_api/index.js:8:1)
    at Module._compile (internal/modules/cjs/loader.js:1068:30)
    at Object.Module._extensions..js (internal/modules/cjs/loader.js:1097:10)
    at Module.load (internal/modules/cjs/loader.js:933:32)
    at Function.Module._load (internal/modules/cjs/loader.js:774:14)
    at Function.executeUserEntryPoint [as runMain] (internal/modules/run_main.js:72:12)
    at internal/main/run_main_module.js:17:47 {"error":{},"stack":"ReferenceError: a is not defined\n    at Object.<anonymous> (/Users/diego/Documents/proyectos/nodejs/vende_tus_cosas_api/index.js:8:1)\n    at Module._compile (internal/modules/cjs/loader.js:1068:30)\n    at Object.Module._extensions..js (internal/modules/cjs/loader.js:1097:10)\n    at Module.load (internal/modules/cjs/loader.js:933:32)\n    at Function.Module._load (internal/modules/cjs/loader.js:774:14)\n    at Function.executeUserEntryPoint [as runMain] (internal/modules/run_main.js:72:12)\n    at internal/main/run_main_module.js:17:47","exception":true,"date":"Mon Jun 21 2021 16:51:26 GMT-0300 (hora est치ndar de Argentina)","process":{"pid":5955,"uid":501,"gid":20,"cwd":"/Users/diego/Documents/proyectos/nodejs/vende_tus_cosas_api","execPath":"/Users/diego/.nvm/versions/node/v14.17.0/bin/node","version":"v14.17.0","argv":["/Users/diego/.nvm/versions/node/v14.17.0/bin/node","/Users/diego/Documents/proyectos/nodejs/vende_tus_cosas_api/index.js","index.js"],"memoryUsage":{"rss":42311680,"heapTotal":17772544,"heapUsed":12553240,"external":1673905,"arrayBuffers":286461}},"os":{"loadavg":[4.77783203125,3.7294921875,3.4697265625],"uptime":10688},"trace":[{"column":1,"file":"/Users/diego/Documents/proyectos/nodejs/vende_tus_cosas_api/index.js","function":null,"line":8,"method":null,"native":false},{"column":30,"file":"internal/modules/cjs/loader.js","function":"Module._compile","line":1068,"method":"_compile","native":false},{"column":10,"file":"internal/modules/cjs/loader.js","function":"Module._extensions..js","line":1097,"method":".js","native":false},{"column":32,"file":"internal/modules/cjs/loader.js","function":"Module.load","line":933,"method":"load","native":false},{"column":14,"file":"internal/modules/cjs/loader.js","function":"Module._load","line":774,"method":"_load","native":false},{"column":12,"file":"internal/modules/run_main.js","function":"Function.executeUserEntryPoint [as runMain]","line":72,"method":"executeUserEntryPoint [as runMain]","native":false},{"column":47,"file":"internal/main/run_main_module.js","function":null,"line":17,"method":null,"native":false}]}
info: 2021-06-21T19:51:28.639Z Escuchando el puerto 3000
info: 2021-06-21T19:51:31.645Z Escuchando el puerto 3000
error: 2021-06-21T19:51:32.667Z uncaughtException: app.use() requires a middleware function
TypeError: app.use() requires a middleware function
    at Function.use (/Users/diego/Documents/proyectos/nodejs/vende_tus_cosas_api/node_modules/express/lib/application.js:210:11)
    at Object.<anonymous> (/Users/diego/Documents/proyectos/nodejs/vende_tus_cosas_api/index.js:8:5)
    at Module._compile (internal/modules/cjs/loader.js:1068:30)
    at Object.Module._extensions..js (internal/modules/cjs/loader.js:1097:10)
    at Module.load (internal/modules/cjs/loader.js:933:32)
    at Function.Module._load (internal/modules/cjs/loader.js:774:14)
    at Function.executeUserEntryPoint [as runMain] (internal/modules/run_main.js:72:12)
    at internal/main/run_main_module.js:17:47 {"error":{},"stack":"TypeError: app.use() requires a middleware function\n    at Function.use (/Users/diego/Documents/proyectos/nodejs/vende_tus_cosas_api/node_modules/express/lib/application.js:210:11)\n    at Object.<anonymous> (/Users/diego/Documents/proyectos/nodejs/vende_tus_cosas_api/index.js:8:5)\n    at Module._compile (internal/modules/cjs/loader.js:1068:30)\n    at Object.Module._extensions..js (internal/modules/cjs/loader.js:1097:10)\n    at Module.load (internal/modules/cjs/loader.js:933:32)\n    at Function.Module._load (internal/modules/cjs/loader.js:774:14)\n    at Function.executeUserEntryPoint [as runMain] (internal/modules/run_main.js:72:12)\n    at internal/main/run_main_module.js:17:47","exception":true,"date":"Mon Jun 21 2021 16:51:32 GMT-0300 (hora est치ndar de Argentina)","process":{"pid":5977,"uid":501,"gid":20,"cwd":"/Users/diego/Documents/proyectos/nodejs/vende_tus_cosas_api","execPath":"/Users/diego/.nvm/versions/node/v14.17.0/bin/node","version":"v14.17.0","argv":["/Users/diego/.nvm/versions/node/v14.17.0/bin/node","/Users/diego/Documents/proyectos/nodejs/vende_tus_cosas_api/index.js","index.js"],"memoryUsage":{"rss":41529344,"heapTotal":18034688,"heapUsed":12556368,"external":1665713,"arrayBuffers":278269}},"os":{"loadavg":[4.47509765625,3.68408203125,3.455078125],"uptime":10694},"trace":[{"column":11,"file":"/Users/diego/Documents/proyectos/nodejs/vende_tus_cosas_api/node_modules/express/lib/application.js","function":"Function.use","line":210,"method":"use","native":false},{"column":5,"file":"/Users/diego/Documents/proyectos/nodejs/vende_tus_cosas_api/index.js","function":null,"line":8,"method":null,"native":false},{"column":30,"file":"internal/modules/cjs/loader.js","function":"Module._compile","line":1068,"method":"_compile","native":false},{"column":10,"file":"internal/modules/cjs/loader.js","function":"Module._extensions..js","line":1097,"method":".js","native":false},{"column":32,"file":"internal/modules/cjs/loader.js","function":"Module.load","line":933,"method":"load","native":false},{"column":14,"file":"internal/modules/cjs/loader.js","function":"Module._load","line":774,"method":"_load","native":false},{"column":12,"file":"internal/modules/run_main.js","function":"Function.executeUserEntryPoint [as runMain]","line":72,"method":"executeUserEntryPoint [as runMain]","native":false},{"column":47,"file":"internal/main/run_main_module.js","function":null,"line":17,"method":null,"native":false}]}
info: 2021-06-21T19:51:35.814Z Escuchando el puerto 3000
info: 2021-06-21T19:51:36.181Z Escuchando el puerto 3000
info: 2021-06-21T19:51:37.222Z Escuchando el puerto 3000
info: 2021-06-21T19:51:40.875Z Escuchando el puerto 3000
info: 2021-06-21T19:51:43.718Z Escuchando el puerto 3000
info: 2021-06-21T19:53:50.094Z Escuchando el puerto 3000
info: 2021-06-21T19:57:03.941Z Escuchando el puerto 3000
info: 2021-06-21T19:57:19.879Z Escuchando el puerto 3000
error: 2021-06-21T19:57:29.075Z uncaughtException: message is not defined
ReferenceError: message is not defined
    at Object.<anonymous> (/Users/diego/Documents/proyectos/nodejs/vende_tus_cosas_api/index.js:10:15)
    at Module._compile (internal/modules/cjs/loader.js:1068:30)
    at Object.Module._extensions..js (internal/modules/cjs/loader.js:1097:10)
    at Module.load (internal/modules/cjs/loader.js:933:32)
    at Function.Module._load (internal/modules/cjs/loader.js:774:14)
    at Function.executeUserEntryPoint [as runMain] (internal/modules/run_main.js:72:12)
    at internal/main/run_main_module.js:17:47 {"error":{},"stack":"ReferenceError: message is not defined\n    at Object.<anonymous> (/Users/diego/Documents/proyectos/nodejs/vende_tus_cosas_api/index.js:10:15)\n    at Module._compile (internal/modules/cjs/loader.js:1068:30)\n    at Object.Module._extensions..js (internal/modules/cjs/loader.js:1097:10)\n    at Module.load (internal/modules/cjs/loader.js:933:32)\n    at Function.Module._load (internal/modules/cjs/loader.js:774:14)\n    at Function.executeUserEntryPoint [as runMain] (internal/modules/run_main.js:72:12)\n    at internal/main/run_main_module.js:17:47","exception":true,"date":"Mon Jun 21 2021 16:57:29 GMT-0300 (hora est치ndar de Argentina)","process":{"pid":6100,"uid":501,"gid":20,"cwd":"/Users/diego/Documents/proyectos/nodejs/vende_tus_cosas_api","execPath":"/Users/diego/.nvm/versions/node/v14.17.0/bin/node","version":"v14.17.0","argv":["/Users/diego/.nvm/versions/node/v14.17.0/bin/node","/Users/diego/Documents/proyectos/nodejs/vende_tus_cosas_api/index.js","index.js"],"memoryUsage":{"rss":42217472,"heapTotal":18034688,"heapUsed":12646992,"external":1673905,"arrayBuffers":286461}},"os":{"loadavg":[5.18115234375,3.32275390625,3.2744140625],"uptime":11051},"trace":[{"column":15,"file":"/Users/diego/Documents/proyectos/nodejs/vende_tus_cosas_api/index.js","function":null,"line":10,"method":null,"native":false},{"column":30,"file":"internal/modules/cjs/loader.js","function":"Module._compile","line":1068,"method":"_compile","native":false},{"column":10,"file":"internal/modules/cjs/loader.js","function":"Module._extensions..js","line":1097,"method":".js","native":false},{"column":32,"file":"internal/modules/cjs/loader.js","function":"Module.load","line":933,"method":"load","native":false},{"column":14,"file":"internal/modules/cjs/loader.js","function":"Module._load","line":774,"method":"_load","native":false},{"column":12,"file":"internal/modules/run_main.js","function":"Function.executeUserEntryPoint [as runMain]","line":72,"method":"executeUserEntryPoint [as runMain]","native":false},{"column":47,"file":"internal/main/run_main_module.js","function":null,"line":17,"method":null,"native":false}]}
info: 2021-06-21T19:57:35.549Z Escuchando el puerto 3000
info: 2021-06-21T19:57:40.444Z Escuchando el puerto 3000
info: 2021-06-21T19:57:46.553Z Escuchando el puerto 3000
info: 2021-06-21T19:57:57.638Z Escuchando el puerto 3000
info: 2021-06-21T19:58:22.566Z function trim() { [native code] }
info: 2021-06-21T19:58:25.527Z function trim() { [native code] }
info: 2021-06-21T19:58:31.544Z function trim() { [native code] }
info: 2021-06-21T19:59:04.078Z Escuchando el puerto 3000
info: 2021-06-21T19:59:16.514Z Escuchando el puerto 3000
info: 2021-06-21T19:59:25.039Z ::1 - GET /products HTTP/1.1 200 194 - 4.674 ms
info: 2021-06-21T19:59:27.518Z ::1 - PUT /products/12 HTTP/1.1 200 65 - 17.647 ms
info: 2021-06-21T20:09:50.435Z Escuchando el puerto 3000
info: 2021-06-21T20:10:00.106Z Escuchando el puerto 3000
info: 2021-06-21T20:10:03.955Z Escuchando el puerto 3000
info: 2021-06-21T20:10:09.204Z Escuchando el puerto 3000
info: 2021-06-21T20:10:14.858Z Escuchando el puerto 3000
info: 2021-06-21T20:10:27.081Z Escuchando el puerto 3000
info: 2021-06-21T20:10:29.269Z Escuchando el puerto 3000
info: 2021-06-21T20:10:32.158Z Escuchando el puerto 3000
info: 2021-06-21T20:10:35.741Z Escuchando el puerto 3000
info: 2021-06-21T20:10:56.093Z Escuchando el puerto 3000
info: 2021-06-21T20:10:58.659Z Escuchando el puerto 3000
info: 2021-06-21T20:11:03.198Z Escuchando el puerto 3000
info: 2021-06-21T20:11:11.893Z Escuchando el puerto 3000
info: 2021-06-21T20:11:17.874Z Escuchando el puerto 3000
info: 2021-06-21T20:11:22.831Z Escuchando el puerto 3000
info: 2021-06-21T20:11:31.137Z Escuchando el puerto 3000
info: 2021-06-21T20:11:33.151Z Escuchando el puerto 3000
info: 2021-06-21T20:11:35.120Z Escuchando el puerto 3000
info: 2021-06-21T20:11:43.151Z Escuchando el puerto 3000
info: 2021-06-21T20:11:45.189Z Escuchando el puerto 3000
info: 2021-06-21T20:11:50.390Z Escuchando el puerto 3000
info: 2021-06-21T20:11:51.799Z Escuchando el puerto 3000
info: 2021-06-21T20:11:56.938Z Escuchando el puerto 3000
info: 2021-06-21T20:12:43.369Z Escuchando el puerto 3000
info: 2021-06-21T20:12:50.985Z Escuchando el puerto 3000
info: 2021-06-21T20:12:51.925Z Escuchando el puerto 3000
info: 2021-06-21T20:12:53.004Z Escuchando el puerto 3000
info: 2021-06-21T20:12:57.021Z Escuchando el puerto 3000
info: 2021-06-21T20:13:10.516Z Escuchando el puerto 3000
info: 2021-06-21T20:13:13.661Z Escuchando el puerto 3000
info: 2021-06-21T20:13:15.910Z Escuchando el puerto 3000
info: 2021-06-21T20:13:17.864Z Escuchando el puerto 3000
info: 2021-06-21T20:13:21.894Z Escuchando el puerto 3000
info: 2021-06-21T20:13:24.084Z Escuchando el puerto 3000
info: 2021-06-21T20:13:25.708Z Escuchando el puerto 3000
info: 2021-06-21T20:13:26.995Z Escuchando el puerto 3000
info: 2021-06-21T20:13:28.487Z Escuchando el puerto 3000
info: 2021-06-21T20:13:32.137Z Escuchando el puerto 3000
info: 2021-06-21T20:13:36.185Z Escuchando el puerto 3000
info: 2021-06-21T20:14:16.164Z Escuchando el puerto 3000
info: 2021-06-21T20:19:55.322Z Producto con id [12] no encontrado remplazado con nuevo producto {"titulo":"microfono x 22","precio":100,"moneda":"usd","id":"12"}
info: 2021-06-21T20:19:55.331Z ::1 - PUT /products/12 HTTP/1.1 200 65 - 46.915 ms
info: 2021-06-21T20:19:57.526Z ::1 - GET /products HTTP/1.1 200 198 - 0.619 ms
info: 2021-06-21T20:20:07.342Z ::1 - DELETE /products/12 HTTP/1.1 200 67 - 0.528 ms
info: 2021-06-21T20:20:10.915Z ::1 - DELETE /products/12564456456 HTTP/1.1 200 72 - 0.767 ms
info: 2021-06-21T20:20:32.146Z Escuchando el puerto 3000
info: 2021-06-21T20:20:34.992Z ::1 - DELETE /products/12564456456 HTTP/1.1 200 72 - 3.352 ms
info: 2021-06-21T20:21:56.044Z ::1 - GET /products HTTP/1.1 200 132 - 0.729 ms
info: 2021-06-21T20:22:06.580Z ::1 - DELETE /products/12345 HTTP/1.1 200 66 - 0.479 ms
info: 2021-06-21T20:22:27.014Z Escuchando el puerto 3000
info: 2021-06-21T20:22:29.722Z ::1 - DELETE /products/12345 HTTP/1.1 200 66 - 3.580 ms
info: 2021-06-21T20:22:30.866Z ::1 - DELETE /products/12345 HTTP/1.1 200 66 - 0.435 ms
info: 2021-06-21T20:22:34.032Z Escuchando el puerto 3000
info: 2021-06-21T20:22:46.145Z ::1 - DELETE /products/12345 HTTP/1.1 200 66 - 4.094 ms
info: 2021-06-21T20:22:51.088Z ::1 - GET /products HTTP/1.1 200 132 - 0.586 ms
error: 2021-06-21T20:22:55.817Z Producto [12] no encontrado
info: 2021-06-21T20:22:55.819Z ::1 - PUT /products/12 HTTP/1.1 404 27 - 30.429 ms
info: 2021-06-21T20:23:02.109Z ::1 - DELETE /products/123456666666 HTTP/1.1 200 73 - 0.325 ms
info: 2021-06-21T20:23:27.549Z Escuchando el puerto 3000
info: 2021-06-21T20:23:32.172Z ::1 - DELETE /products/123456666666 HTTP/1.1 200 73 - 3.546 ms
info: 2021-06-21T20:23:50.857Z Escuchando el puerto 3000
info: 2021-06-21T20:23:52.025Z Escuchando el puerto 3000
info: 2021-06-21T20:23:53.676Z Escuchando el puerto 3000
info: 2021-06-21T20:23:57.844Z Escuchando el puerto 3000
info: 2021-06-21T20:24:00.500Z ::1 - DELETE /products/123456666666 HTTP/1.1 200 73 - 5.409 ms
info: 2021-06-21T20:24:09.768Z Escuchando el puerto 3000
info: 2021-06-21T20:24:12.770Z ::1 - DELETE /products/123456666666 HTTP/1.1 500 1576 - 4.621 ms
info: 2021-06-21T20:24:35.377Z Escuchando el puerto 3000
error: 2021-06-21T20:24:37.036Z Producto [123456666666] no encontrado. Nada que borrar
info: 2021-06-21T20:24:37.048Z ::1 - DELETE /products/123456666666 HTTP/1.1 404 54 - 9.311 ms
error: 2021-06-21T20:24:44.491Z Producto [1234] no encontrado. Nada que borrar
info: 2021-06-21T20:24:44.492Z ::1 - DELETE /products/1234 HTTP/1.1 404 46 - 1.272 ms
info: 2021-06-21T20:24:48.828Z ::1 - GET /products HTTP/1.1 200 196 - 0.644 ms
info: 2021-06-21T20:24:49.823Z ::1 - GET /products HTTP/1.1 200 196 - 1.088 ms
info: 2021-06-21T20:24:50.181Z ::1 - GET /products HTTP/1.1 200 196 - 0.351 ms
info: 2021-06-21T20:24:50.541Z ::1 - GET /products HTTP/1.1 200 196 - 0.307 ms
error: 2021-06-21T20:24:59.345Z Producto [1234] no encontrado. Nada que borrar
info: 2021-06-21T20:24:59.347Z ::1 - DELETE /products/1234 HTTP/1.1 404 46 - 2.380 ms
info: 2021-06-21T20:25:10.150Z Escuchando el puerto 3000
info: 2021-06-21T20:25:13.594Z Escuchando el puerto 3000
info: 2021-06-21T20:25:15.208Z ::1 - DELETE /products/1234 HTTP/1.1 200 69 - 4.618 ms
error: 2021-06-21T20:25:16.500Z Producto [1234] no encontrado. Nada que borrar
info: 2021-06-21T20:25:16.502Z ::1 - DELETE /products/1234 HTTP/1.1 404 46 - 0.995 ms
error: 2021-06-21T20:25:19.680Z Producto [1234] no encontrado. Nada que borrar
info: 2021-06-21T20:25:19.681Z ::1 - DELETE /products/1234 HTTP/1.1 404 46 - 0.678 ms
info: 2021-06-21T20:25:23.222Z ::1 - GET /products HTTP/1.1 200 126 - 0.683 ms
info: 2021-06-21T20:25:24.250Z ::1 - GET /products HTTP/1.1 200 126 - 0.966 ms
info: 2021-06-21T20:25:30.285Z ::1 - DELETE /products/123 HTTP/1.1 200 64 - 0.515 ms
info: 2021-06-21T20:26:25.182Z Escuchando el puerto 3000
info: 2021-06-21T20:26:28.690Z Escuchando el puerto 3000
info: 2021-06-21T20:26:32.436Z Escuchando el puerto 3000
info: 2021-06-21T20:26:40.252Z Producto con id [12] remplazado con nuevo producto {"titulo":"microfono x 22","precio":100,"moneda":"usd","id":"12"}
info: 2021-06-21T20:26:40.259Z ::1 - PUT /products/12 HTTP/1.1 200 65 - 32.782 ms
